modules/music-foreground-service/android/build/intermediates/manifest_merge_blame_file/debug/processDebugManifest/manifest-merger-blame-debug-report.txt
1<?xml version="1.0" encoding="utf-8"?>
2<manifest xmlns:android="http://schemas.android.com/apk/res/android"
3    package="expo.modules.musicforegroundservice" >
4
5    <uses-sdk android:minSdkVersion="24" />
6
7    <application>
7-->src/main/AndroidManifest.xml:4:5-10:19
8        <service
8-->src/main/AndroidManifest.xml:5:9-9:19
9            android:name="expo.modules.musicforegroundservice.MusicForegroundService"
9-->src/main/AndroidManifest.xml:6:9-82
10            android:exported="false"
10-->src/main/AndroidManifest.xml:8:9-33
11            android:foregroundServiceType="mediaPlayback" >
11-->src/main/AndroidManifest.xml:7:9-54
12        </service>
13    </application>
14
15</manifest>